<?xml version="1.0" encoding="UTF-8"?>
<testsuites>
  <testsuite name="Test Suite" tests="7" assertions="9" errors="0" failures="0" skipped="0" time="0.020967">
    <testsuite name="CalculatorTest" file="/home/khanhicetea/work/foss/twigeval/tests/CalculatorTest.php" tests="7" assertions="9" errors="0" failures="0" skipped="0" time="0.020967">
      <testcase name="testMath" class="CalculatorTest" classname="CalculatorTest" file="/home/khanhicetea/work/foss/twigeval/tests/CalculatorTest.php" line="13" assertions="1" time="0.016369"/>
      <testcase name="testMathWithoutBrackets" class="CalculatorTest" classname="CalculatorTest" file="/home/khanhicetea/work/foss/twigeval/tests/CalculatorTest.php" line="20" assertions="1" time="0.000664"/>
      <testcase name="testMathVariables" class="CalculatorTest" classname="CalculatorTest" file="/home/khanhicetea/work/foss/twigeval/tests/CalculatorTest.php" line="27" assertions="1" time="0.000958"/>
      <testcase name="testMathVariablesWithoutBrackets" class="CalculatorTest" classname="CalculatorTest" file="/home/khanhicetea/work/foss/twigeval/tests/CalculatorTest.php" line="34" assertions="1" time="0.000084"/>
      <testcase name="testStringVariables" class="CalculatorTest" classname="CalculatorTest" file="/home/khanhicetea/work/foss/twigeval/tests/CalculatorTest.php" line="41" assertions="1" time="0.000986"/>
      <testcase name="testBooleanVariables" class="CalculatorTest" classname="CalculatorTest" file="/home/khanhicetea/work/foss/twigeval/tests/CalculatorTest.php" line="48" assertions="2" time="0.001273"/>
      <testcase name="testNumberVariables" class="CalculatorTest" classname="CalculatorTest" file="/home/khanhicetea/work/foss/twigeval/tests/CalculatorTest.php" line="59" assertions="2" time="0.000632"/>
    </testsuite>
  </testsuite>
</testsuites>
