<?xml version="1.0" encoding="UTF-8"?>
<testsuites>
  <testsuite name="Test Suite" tests="7" assertions="9" errors="0" failures="0" skipped="0" time="0.020980">
    <testsuite name="CalculatorTest" file="/home/khanhicetea/work/foss/twigeval/tests/CalculatorTest.php" tests="7" assertions="9" errors="0" failures="0" skipped="0" time="0.020980">
      <testcase name="testMath" class="CalculatorTest" classname="CalculatorTest" file="/home/khanhicetea/work/foss/twigeval/tests/CalculatorTest.php" line="13" assertions="1" time="0.016404"/>
      <testcase name="testMathWithoutBrackets" class="CalculatorTest" classname="CalculatorTest" file="/home/khanhicetea/work/foss/twigeval/tests/CalculatorTest.php" line="20" assertions="1" time="0.000675"/>
      <testcase name="testMathVariables" class="CalculatorTest" classname="CalculatorTest" file="/home/khanhicetea/work/foss/twigeval/tests/CalculatorTest.php" line="27" assertions="1" time="0.000938"/>
      <testcase name="testMathVariablesWithoutBrackets" class="CalculatorTest" classname="CalculatorTest" file="/home/khanhicetea/work/foss/twigeval/tests/CalculatorTest.php" line="34" assertions="1" time="0.000084"/>
      <testcase name="testStringVariables" class="CalculatorTest" classname="CalculatorTest" file="/home/khanhicetea/work/foss/twigeval/tests/CalculatorTest.php" line="41" assertions="1" time="0.000984"/>
      <testcase name="testBooleanVariables" class="CalculatorTest" classname="CalculatorTest" file="/home/khanhicetea/work/foss/twigeval/tests/CalculatorTest.php" line="48" assertions="2" time="0.001267"/>
      <testcase name="testNumberVariables" class="CalculatorTest" classname="CalculatorTest" file="/home/khanhicetea/work/foss/twigeval/tests/CalculatorTest.php" line="59" assertions="2" time="0.000628"/>
    </testsuite>
  </testsuite>
</testsuites>
